<<< OpenFDTD (CPU+OpenMP) Ver.2.7.5 >>>
Thread = 8, Process = 1
Wed Sep 14 09:52:37 2022
Title = モノタロウ_パイプ
Source = plane wave
Cells = 30 x 30 x 30 = 27000
No. of Materials  = 3
No. of Geometries = 3
No. of Points     = 0
No. of Freq.s (1) = 11
No. of Freq.s (2) = 11
CPU Memory size   = 17 [MB]
Output filesize   = 16 [MB]
ABC = Mur-1st
Dt[sec] = 1.9258e-11, Tw[sec] = 2.1167e-10, Tw/Dt = 10.991
Iterations = 3000, Convergence = 1.000e-03
=== iteration start ===
   step   <E>      <H>
      0 0.000000 0.000000
     50 0.054417 0.069748
    100 0.009126 0.031515
    150 0.008453 0.027637
    200 0.007167 0.025986
    250 0.005646 0.019337
    300 0.003563 0.014340
    350 0.002711 0.010604
    400 0.002266 0.008447
    450 0.001484 0.008474
    500 0.001307 0.005926
    550 0.001230 0.006176
    600 0.001133 0.004482
    650 0.000978 0.004121
    700 0.000783 0.004346
    750 0.000874 0.002802
    800 0.000813 0.003250
    850 0.000605 0.003332
    900 0.000601 0.002836
    950 0.000693 0.002673
   1000 0.000580 0.002106
   1050 0.000452 0.002109
   1100 0.000536 0.002493
   1150 0.000523 0.001715
   1200 0.000433 0.001530
   1250 0.000299 0.001831
   1300 0.000450 0.001552
   1350 0.000485 0.001359
   1400 0.000264 0.001457
   1450 0.000351 0.001208
   1500 0.000451 0.001178
   1550 0.000307 0.000970
   1600 0.000197 0.000977
   1650 0.000334 0.001071
   1700 0.000406 0.000700
   1750 0.000230 0.000815
   1800 0.000215 0.000912
   1850 0.000397 0.000701
   1900 0.000319 0.000574
   1950 0.000183 0.000715
   2000 0.000272 0.000729
   2050 0.000347 0.000583
   2100 0.000360 0.000395
   2150 0.000225 0.000709
   2200 0.000316 0.000724
   2250 0.000391 0.000473
   2300 0.000276 0.000433
   2350 0.000227 0.000587
   2400 0.000391 0.000682
   2450 0.000324 0.000392
   2500 0.000201 0.000454
   2550 0.000277 0.000652
   2600 0.000320 0.000503
   2650 0.000292 0.000371
   2700 0.000148 0.000579
   2750 0.000280 0.000541
   2800 0.000362 0.000358
   2850 0.000140 0.000410
   2900 0.000151 0.000493
   2950 0.000294 0.000471
   3000 0.000268 0.000298
    --- max steps ---
=== cross section ===
  frequency[Hz] backward[m*m]  forward[m*m]
    1.00000e+09    6.8108e-02    2.7153e-01
    2.00000e+09    2.6815e+00    1.1010e+01
    3.00000e+09    9.5885e+00    1.2700e+01
    4.00000e+09    2.5039e+01    2.1783e+01
    5.00000e+09    3.2440e+01    2.4776e+01
    6.00000e+09    2.8863e+01    2.7006e+01
    7.00000e+09    1.9675e+01    2.7289e+01
    8.00000e+09    3.2310e+01    3.0693e+01
    9.00000e+09    5.3764e+01    4.1242e+01
    1.00000e+10    5.6590e+01    5.0352e+01
    1.10000e+10    5.1849e+01    5.7456e+01
=== output files ===
ofd.log, geom3d.htm, ofd.out
=== cpu time [sec] ===
  part-1 :       5.792
  part-2 :       0.066
  --------------------
  total  :       5.858
=== normal end ===
Wed Sep 14 09:52:43 2022
